<?xml version="1.0" encoding="UTF-8" ?>
<testsuite tests="11" failures="0" name="com.app.dkatalis.MainTest" time="0.026" errors="0" skipped="0">
  <properties>
    <property name="java.runtime.name" value="Java(TM) SE Runtime Environment"/>
    <property name="java.vm.version" value="15+36-1562"/>
    <property name="sun.boot.library.path" value="C:\Program Files\Java\jdk-15\bin"/>
    <property name="maven.multiModuleProjectDirectory" value="C:/Users/Teguh/Documents/parking_lot_2.0.0 5/parkingLot"/>
    <property name="java.vm.vendor" value="Oracle Corporation"/>
    <property name="java.vendor.url" value="https://java.oracle.com/"/>
    <property name="guice.disable.misplaced.annotation.check" value="true"/>
    <property name="path.separator" value=";"/>
    <property name="java.vm.name" value="Java HotSpot(TM) 64-Bit Server VM"/>
    <property name="sun.os.patch.level" value=""/>
    <property name="user.script" value=""/>
    <property name="user.country" value="ID"/>
    <property name="sun.java.launcher" value="SUN_STANDARD"/>
    <property name="java.vm.specification.name" value="Java Virtual Machine Specification"/>
    <property name="user.dir" value="C:\Users\Teguh\Documents\parking_lot_2.0.0 5\parkingLot"/>
    <property name="java.vm.compressedOopsMode" value="Zero based"/>
    <property name="java.runtime.version" value="15+36-1562"/>
    <property name="os.arch" value="amd64"/>
    <property name="java.io.tmpdir" value="C:\Users\Teguh\AppData\Local\Temp\"/>
    <property name="line.separator" value="
"/>
    <property name="java.vm.specification.vendor" value="Oracle Corporation"/>
    <property name="user.variant" value=""/>
    <property name="os.name" value="Windows 10"/>
    <property name="classworlds.conf" value="C:/mvn/bin/m2.conf"/>
    <property name="sun.jnu.encoding" value="Cp1252"/>
    <property name="java.library.path" value="C:\Program Files\Java\jdk-15\bin;C:\Windows\Sun\Java\bin;C:\Windows\system32;C:\Windows;C:\Users\Teguh\bin;C:\Program Files\Git\mingw64\bin;C:\Program Files\Git\usr\local\bin;C:\Program Files\Git\usr\bin;C:\Program Files\Git\usr\bin;C:\Program Files\Git\mingw64\bin;C:\Program Files\Git\usr\bin;C:\Users\Teguh\bin;C:\Program Files\Common Files\Oracle\Java\javapath;C:\Windows\system32;C:\Windows;C:\Windows\System32\Wbem;C:\Windows\System32\WindowsPowerShell\v1.0;C:\Windows\System32\OpenSSH;C:\Program Files\nodejs;C:\ProgramData\chocolatey\bin;C:\Program Files\Git\cmd;C:\Users\Teguh\AppData\Local\Programs\Python\Python39\Scripts;C:\Users\Teguh\AppData\Local\Programs\Python\Python39;C:\Users\Teguh\AppData\Local\Microsoft\WindowsApps;C:\Program Files\Java\jdk-15\bin;C:\Users\Teguh\AppData\Local\Programs\Microsoft VS Code\bin;C:\Users\Teguh\AppData\Roaming\npm;C:\mvn\bin;C:\Program Files\JetBrains\IntelliJ IDEA 2020.2.2\bin;C:\Program Files\JetBrains\IntelliJ IDEA Community Edition 2020.2.2\bin;C:\Program Files\Git\usr\bin\vendor_perl;C:\Program Files\Git\usr\bin\core_perl;."/>
    <property name="maven.conf" value="C:/mvn/conf"/>
    <property name="jdk.debug" value="release"/>
    <property name="java.class.version" value="59.0"/>
    <property name="java.specification.name" value="Java Platform API Specification"/>
    <property name="sun.management.compiler" value="HotSpot 64-Bit Tiered Compilers"/>
    <property name="os.version" value="10.0"/>
    <property name="library.jansi.path" value="C:/mvn/lib/jansi-native"/>
    <property name="user.home" value="C:\Users\Teguh"/>
    <property name="user.timezone" value="Asia/Jakarta"/>
    <property name="file.encoding" value="Cp1252"/>
    <property name="java.specification.version" value="15"/>
    <property name="user.name" value="Teguh"/>
    <property name="java.class.path" value="C:/mvn/boot/plexus-classworlds-2.6.0.jar"/>
    <property name="java.vm.specification.version" value="15"/>
    <property name="sun.arch.data.model" value="64"/>
    <property name="sun.java.command" value="org.codehaus.plexus.classworlds.launcher.Launcher clean install"/>
    <property name="java.home" value="C:\Program Files\Java\jdk-15"/>
    <property name="user.language" value="en"/>
    <property name="java.specification.vendor" value="Oracle Corporation"/>
    <property name="java.vm.info" value="mixed mode, sharing"/>
    <property name="java.version" value="15"/>
    <property name="java.vendor" value="Oracle Corporation"/>
    <property name="maven.home" value="C:\mvn"/>
    <property name="file.separator" value="\"/>
    <property name="java.version.date" value="2020-09-15"/>
    <property name="java.vendor.url.bug" value="https://bugreport.java.com/bugreport/"/>
    <property name="sun.io.unicode.encoding" value="UnicodeLittle"/>
    <property name="sun.cpu.endian" value="little"/>
    <property name="sun.cpu.isalist" value="amd64"/>
  </properties>
  <testcase classname="com.app.dkatalis.MainTest" name="createParkingLot" time="0.014"/>
  <testcase classname="com.app.dkatalis.MainTest" name="alreadyExistParkingLot" time="0.008"/>
  <testcase classname="com.app.dkatalis.MainTest" name="testWhenVehicleAlreadyPicked" time="0.002"/>
  <testcase classname="com.app.dkatalis.MainTest" name="testParkingLotIsFull" time="0"/>
  <testcase classname="com.app.dkatalis.MainTest" name="testNearestSlotAllotment" time="0"/>
  <testcase classname="com.app.dkatalis.MainTest" name="testGetSlotsByRegNo" time="0.001"/>
  <testcase classname="com.app.dkatalis.MainTest" name="testParkingCapacity" time="0"/>
  <testcase classname="com.app.dkatalis.MainTest" name="leave" time="0"/>
  <testcase classname="com.app.dkatalis.MainTest" name="testWhenVehicleAlreadyPresent" time="0.001"/>
  <testcase classname="com.app.dkatalis.MainTest" name="testStatus" time="0"/>
  <testcase classname="com.app.dkatalis.MainTest" name="testEmptyParkingLot" time="0"/>
</testsuite>